This is pdfTeX, Version 3.141592653-2.6-1.40.24 (TeX Live 2022/nixos.org) (preloaded format=pdflatex 1980.1.1)  22 FEB 2023 15:08
entering extended mode
 restricted \write18 enabled.
 %&-line parsing enabled.
**/home/sezrienne/presez/modules/nu/functions.nu
(/home/sezrienne/presez/modules/nu/functions.nu
LaTeX2e <2022-11-01> patch level 1
L3 programming layer <2022-12-17>
! You can't use `macro parameter character #' in vertical mode.
l.1 #
      shellAbbrs
? 
! Emergency stop.
l.1 
    
End of file on the terminal!

 
Here is how much of TeX's memory you used:
 18 strings out of 476093
 502 string characters out of 5763139
 1848793 words of memory out of 5000000
 20497 multiletter control sequences out of 15000+600000
 512287 words of font info for 32 fonts, out of 8000000 for 9000
 1141 hyphenation exceptions out of 8191
 13i,0n,12p,90b,10s stack positions out of 10000i,1000n,20000p,200000b,200000s
!  ==> Fatal error occurred, no output PDF file produced!
